# JRE version: OpenJDK Runtime Environment Temurin-17.0.2+8 (17.0.2+8) (build 17.0.2+8)
# Java VM: OpenJDK 64-Bit Server VM Temurin-17.0.2+8 (17.0.2+8, mixed mode, emulated-client, tiered, compressed oops, compressed class ptrs, g1 gc, windows-amd64)
GC Precious Log:
 CPUs: 2 total, 2 available
 Memory: 12287M
 Large Page Support: Disabled
 NUMA Support: Disabled
 Compressed Oops: Enabled (Zero based)
 Heap Region Size: 2M
 Heap Min Capacity: 8M
 Heap Initial Capacity: 192M
 Heap Max Capacity: 3G
 Pre-touch: Disabled
 Parallel Workers: 2
 Concurrent Workers: 1
 Concurrent Refinement Workers: 2
 Periodic GC: Disabled
Heap:
 garbage-first heap   total 196608K, used 8127K [0x0000000740000000, 0x0000000800000000)
  region size 2048K, 2 young (4096K), 2 survivors (4096K)
 Metaspace       used 21249K, committed 21504K, reserved 1073152K
  class space    used 2445K, committed 2560K, reserved 1048576K
GC Heap History (9 events):
Event: 0.636 GC heap before
{Heap before GC invocations=0 (full 0):
 garbage-first heap   total 196608K, used 6144K [0x0000000740000000, 0x0000000800000000)
  region size 2048K, 4 young (8192K), 0 survivors (0K)
 Metaspace       used 9358K, committed 9536K, reserved 1064960K
  class space    used 906K, committed 960K, reserved 1048576K
}
Event: 0.645 GC heap after
{Heap after GC invocations=1 (full 0):
 garbage-first heap   total 196608K, used 4490K [0x0000000740000000, 0x0000000800000000)
  region size 2048K, 1 young (2048K), 1 survivors (2048K)
 Metaspace       used 9358K, committed 9536K, reserved 1064960K
  class space    used 906K, committed 960K, reserved 1048576K
}
Event: 1.095 GC heap before
{Heap before GC invocations=1 (full 0):
 garbage-first heap   total 196608K, used 10634K [0x0000000740000000, 0x0000000800000000)
  region size 2048K, 4 young (8192K), 1 survivors (2048K)
 Metaspace       used 14018K, committed 14272K, reserved 1064960K
  class space    used 1458K, committed 1536K, reserved 1048576K
}
Event: 1.101 GC heap after
{Heap after GC invocations=2 (full 0):
 garbage-first heap   total 196608K, used 5893K [0x0000000740000000, 0x0000000800000000)
  region size 2048K, 1 young (2048K), 1 survivors (2048K)
 Metaspace       used 14018K, committed 14272K, reserved 1064960K
  class space    used 1458K, committed 1536K, reserved 1048576K
}
Event: 1.295 GC heap before
{Heap before GC invocations=2 (full 0):
 garbage-first heap   total 196608K, used 12037K [0x0000000740000000, 0x0000000800000000)
  region size 2048K, 4 young (8192K), 1 survivors (2048K)
 Metaspace       used 15513K, committed 15744K, reserved 1064960K
  class space    used 1652K, committed 1792K, reserved 1048576K
}
Event: 1.300 GC heap after
{Heap after GC invocations=3 (full 0):
 garbage-first heap   total 196608K, used 6804K [0x0000000740000000, 0x0000000800000000)
  region size 2048K, 1 young (2048K), 1 survivors (2048K)
 Metaspace       used 15513K, committed 15744K, reserved 1064960K
  class space    used 1652K, committed 1792K, reserved 1048576K
}
Event: 1.803 GC heap before
{Heap before GC invocations=3 (full 0):
 garbage-first heap   total 196608K, used 21140K [0x0000000740000000, 0x0000000800000000)
  region size 2048K, 9 young (18432K), 1 survivors (2048K)
 Metaspace       used 18739K, committed 19008K, reserved 1073152K
  class space    used 2115K, committed 2240K, reserved 1048576K
}
Event: 1.809 GC heap after
{Heap after GC invocations=4 (full 0):
 garbage-first heap   total 196608K, used 7854K [0x0000000740000000, 0x0000000800000000)
  region size 2048K, 1 young (2048K), 1 survivors (2048K)
 Metaspace       used 18739K, committed 19008K, reserved 1073152K
  class space    used 2115K, committed 2240K, reserved 1048576K
}
Event: 1.989 GC heap before
{Heap before GC invocations=4 (full 0):
 garbage-first heap   total 196608K, used 18094K [0x0000000740000000, 0x0000000800000000)
  region size 2048K, 7 young (14336K), 1 survivors (2048K)
 Metaspace       used 21249K, committed 21504K, reserved 1073152K
  class space    used 2445K, committed 2560K, reserved 1048576K
}

